  MyForm.cpp
C:\opencv\build\include\opencv2/core/mat.hpp(1965): warning C4819: 檔案含有無法在目前字碼頁 (950) 中表示的字元。請以 Unicode 格式儲存檔案以防止資料遺失
C:\opencv\build\include\opencv2/core/persistence.hpp : warning C4819: 檔案含有無法在目前字碼頁 (950) 中表示的字元。請以 Unicode 格式儲存檔案以防止資料遺失
C:\opencv\build\include\opencv2/core/utility.hpp : warning C4819: 檔案含有無法在目前字碼頁 (950) 中表示的字元。請以 Unicode 格式儲存檔案以防止資料遺失
f:\work\opencv\opencvtest\myopencv\myopencv\MyForm.h(652): warning C4244: '正在初始化': 將 'int' 轉換為 'float'，由於類型不同，可能導致資料遺失
f:\work\opencv\opencvtest\myopencv\myopencv\MyForm.h(658): warning C4244: '=': 將 'float' 轉換為 'int'，由於類型不同，可能導致資料遺失
f:\work\opencv\opencvtest\myopencv\myopencv\MyForm.h(816): warning C4244: '=': 將 'double' 轉換為 'int'，由於類型不同，可能導致資料遺失
f:\work\opencv\opencvtest\myopencv\myopencv\MyForm.h(821): warning C4244: '=': 將 'double' 轉換為 'float'，由於類型不同，可能導致資料遺失
f:\work\opencv\opencvtest\myopencv\myopencv\MyForm.h(827): warning C4244: '=': 將 'float' 轉換為 'int'，由於類型不同，可能導致資料遺失
f:\work\opencv\opencvtest\myopencv\myopencv\MyForm.h(857): warning C4244: '正在初始化': 將 'float' 轉換為 'int'，由於類型不同，可能導致資料遺失
f:\work\opencv\opencvtest\myopencv\myopencv\MyForm.h(858): warning C4244: '正在初始化': 將 'float' 轉換為 'int'，由於類型不同，可能導致資料遺失
f:\work\opencv\opencvtest\myopencv\myopencv\MyForm.h(860): warning C4244: '=': 將 'float' 轉換為 'int'，由於類型不同，可能導致資料遺失
f:\work\opencv\opencvtest\myopencv\myopencv\MyForm.h(861): warning C4244: '=': 將 'float' 轉換為 'int'，由於類型不同，可能導致資料遺失
f:\work\opencv\opencvtest\myopencv\myopencv\MyForm.h(1166): warning C4305: '=': 從 'double' 轉換為 'float'，是由較大的類型轉換為較小的類型，可能導致資料遺失
f:\work\opencv\opencvtest\myopencv\myopencv\MyForm.h(1167): warning C4305: '=': 從 'double' 轉換為 'float'，是由較大的類型轉換為較小的類型，可能導致資料遺失
f:\work\opencv\opencvtest\myopencv\myopencv\MyForm.h(1168): warning C4305: '=': 從 'double' 轉換為 'float'，是由較大的類型轉換為較小的類型，可能導致資料遺失
f:\work\opencv\opencvtest\myopencv\myopencv\MyForm.h(1169): warning C4305: '=': 從 'double' 轉換為 'float'，是由較大的類型轉換為較小的類型，可能導致資料遺失
f:\work\opencv\opencvtest\myopencv\myopencv\MyForm.h(1170): warning C4305: '=': 從 'double' 轉換為 'float'，是由較大的類型轉換為較小的類型，可能導致資料遺失
f:\work\opencv\opencvtest\myopencv\myopencv\MyForm.h(1171): warning C4305: '=': 從 'double' 轉換為 'float'，是由較大的類型轉換為較小的類型，可能導致資料遺失
f:\work\opencv\opencvtest\myopencv\myopencv\MyForm.h(1172): warning C4305: '=': 從 'double' 轉換為 'float'，是由較大的類型轉換為較小的類型，可能導致資料遺失
f:\work\opencv\opencvtest\myopencv\myopencv\MyForm.h(1173): warning C4305: '=': 從 'double' 轉換為 'float'，是由較大的類型轉換為較小的類型，可能導致資料遺失
f:\work\opencv\opencvtest\myopencv\myopencv\MyForm.h(1174): warning C4305: '=': 從 'double' 轉換為 'float'，是由較大的類型轉換為較小的類型，可能導致資料遺失
f:\work\opencv\opencvtest\myopencv\myopencv\MyForm.h(1241): warning C4244: '正在初始化': 將 'double' 轉換為 'float'，由於類型不同，可能導致資料遺失
f:\work\opencv\opencvtest\myopencv\myopencv\MyForm.h(1408): warning C4244: '=': 將 'double' 轉換為 'float'，由於類型不同，可能導致資料遺失
f:\work\opencv\opencvtest\myopencv\myopencv\MyForm.h(1410): warning C4244: '=': 將 'float' 轉換為 'uchar'，由於類型不同，可能導致資料遺失
f:\work\opencv\opencvtest\myopencv\myopencv\MyForm.h(1534): warning C4244: 'return': 將 'float' 轉換為 'int'，由於類型不同，可能導致資料遺失
f:\work\opencv\opencvtest\myopencv\myopencv\MyForm.h(1535): warning C4244: 'return': 將 'float' 轉換為 'int'，由於類型不同，可能導致資料遺失
f:\work\opencv\opencvtest\myopencv\myopencv\MyForm.h(1536): warning C4244: 'return': 將 'float' 轉換為 'int'，由於類型不同，可能導致資料遺失
f:\work\opencv\opencvtest\myopencv\myopencv\MyForm.h(1537): warning C4244: 'return': 將 'float' 轉換為 'int'，由於類型不同，可能導致資料遺失
MyForm.cpp(34): warning C4244: '引數': 將 'int' 轉換為 'float'，由於類型不同，可能導致資料遺失
MyForm.cpp(38): warning C4244: '引數': 將 'int' 轉換為 'float'，由於類型不同，可能導致資料遺失
c:\opencv\build\include\opencv2\core\cvstd.hpp(599): warning C4793: 'cv::String::String': 函式會編譯成機器碼:
  	找到 Managed 程式碼中不支援的內建
c:\opencv\build\include\opencv2\core\mat.inl.hpp(392): warning C4793: 'cv::Mat::Mat': 函式會編譯成機器碼:
  	找到 Managed 程式碼中不支援的內建
c:\opencv\build\include\opencv2\core\mat.inl.hpp(681): warning C4793: 'cv::Mat::release': 函式會編譯成機器碼:
  	找到 Managed 程式碼中不支援的內建
c:\opencv\build\include\opencv2\core\mat.inl.hpp(1872): warning C4793: 'cv::SparseMat::addref': 函式會編譯成機器碼:
  	找到 Managed 程式碼中不支援的內建
c:\opencv\build\include\opencv2\core\mat.inl.hpp(3473): warning C4793: 'cv::UMat::addref': 函式會編譯成機器碼:
  	找到 Managed 程式碼中不支援的內建
c:\opencv\build\include\opencv2\core\ptr.inl.hpp(67): warning C4793: 'cv::detail::PtrOwner::incRef': 函式會編譯成機器碼:
  	找到 Managed 程式碼中不支援的內建
c:\opencv\build\include\opencv2\core\ptr.inl.hpp(72): warning C4793: 'cv::detail::PtrOwner::decRef': 函式會編譯成機器碼:
  	找到 Managed 程式碼中不支援的內建
  MyForm.obj : Managed 程式碼存在時不支援 /DEBUG:FASTLINK; 正在以 /DEBUG:FULL 重新啟動連結
  MyopenCV.vcxproj -> F:\work\openCV\opencvTest\MyopenCV\x64\Debug\MyopenCV.exe
  MyopenCV.vcxproj -> F:\work\openCV\opencvTest\MyopenCV\x64\Debug\MyopenCV.pdb (Partial PDB)
